<?xml version="1.0" encoding="UTF-8"?>
<!-- Generated by org.testng.reporters.JUnitReportReporter -->
<testsuite hostname="DESKTOP-GJ43QS2" failures="0" tests="12" name="SeleniumSessions.TestNGAnotation" time="5.771" errors="0" timestamp="2019-12-14T17:30:36 EST" skipped="0">
  <testcase classname="SeleniumSessions.TestNGAnotation" name="googlelogoTesting" time="0.317"/>
  <testcase classname="SeleniumSessions.TestNGAnotation" name="googlesearchTesting" time="0.235"/>
  <testcase classname="SeleniumSessions.TestNGAnotation" name="googleTitleTest" time="0.316"/>
  <testcase classname="SeleniumSessions.TestNGAnotation" name="googleTitleTest" time="0.243"/>
  <testcase classname="SeleniumSessions.TestNGAnotation" name="googleTitleTest" time="0.261"/>
  <testcase classname="SeleniumSessions.TestNGAnotation" name="googleTitleTest" time="2.507"/>
  <testcase classname="SeleniumSessions.TestNGAnotation" name="googleTitleTest" time="0.391"/>
  <testcase classname="SeleniumSessions.TestNGAnotation" name="googleTitleTest" time="0.252"/>
  <testcase classname="SeleniumSessions.TestNGAnotation" name="googleTitleTest" time="0.284"/>
  <testcase classname="SeleniumSessions.TestNGAnotation" name="googleTitleTest" time="0.258"/>
  <testcase classname="SeleniumSessions.TestNGAnotation" name="googleTitleTest" time="0.332"/>
  <testcase classname="SeleniumSessions.TestNGAnotation" name="googleTitleTest" time="0.375"/>
</testsuite> <!-- SeleniumSessions.TestNGAnotation -->
